[D] Received | Sender: [A] | Topic: chat | Message: ni hao! | Latency: 0.0055s
[F] Received | Sender: [A] | Topic: chat | Message: ni hao! | Latency: 0.0098s
[E] Received | Sender: [A] | Topic: chat | Message: ni hao! | Latency: 0.0099s
[A] Received | Sender: [A] | Topic: chat | Message: ni hao! | Latency: 0.0149s
[B] Received | Sender: [A] | Topic: chat | Message: ni hao! | Latency: 0.0158s
[C] Received | Sender: [A] | Topic: chat | Message: ni hao! | Latency: 0.0213s
[F] Received | Sender: [A] | Topic: chat | Message: ni hao! | Latency: 0.0069s
[B] Received | Sender: [A] | Topic: chat | Message: ni hao! | Latency: 0.0163s
[C] Received | Sender: [A] | Topic: chat | Message: ni hao! | Latency: 0.0168s
[D] Received | Sender: [A] | Topic: chat | Message: ni hao! | Latency: 0.0261s
[A] Received | Sender: [A] | Topic: chat | Message: ni hao! | Latency: 0.0260s
[E] Received | Sender: [A] | Topic: chat | Message: ni hao! | Latency: 0.0310s
[F] Received | Sender: [A] | Topic: chat | Message: ni hao! | Latency: 0.0055s
[A] Received | Sender: [A] | Topic: chat | Message: ni hao! | Latency: 0.0134s
[C] Received | Sender: [A] | Topic: chat | Message: ni hao! | Latency: 0.0134s
[E] Received | Sender: [A] | Topic: chat | Message: ni hao! | Latency: 0.0195s
[B] Received | Sender: [A] | Topic: chat | Message: ni hao! | Latency: 0.0194s
[D] Received | Sender: [A] | Topic: chat | Message: ni hao! | Latency: 0.0205s
[F] Received | Sender: [A] | Topic: chat | Message: ni hao! | Latency: 0.0049s
[D] Received | Sender: [A] | Topic: chat | Message: ni hao! | Latency: 0.0129s
[B] Received | Sender: [A] | Topic: chat | Message: ni hao! | Latency: 0.0129s
[E] Received | Sender: [A] | Topic: chat | Message: ni hao! | Latency: 0.0201s
[A] Received | Sender: [A] | Topic: chat | Message: ni hao! | Latency: 0.0290s
[C] Received | Sender: [A] | Topic: chat | Message: ni hao! | Latency: 0.0334s
[D] Received | Sender: [A] | Topic: chat | Message: ni hao! | Latency: 0.0060s
[C] Received | Sender: [A] | Topic: chat | Message: ni hao! | Latency: 0.0165s
[A] Received | Sender: [A] | Topic: chat | Message: ni hao! | Latency: 0.0164s
[E] Received | Sender: [A] | Topic: chat | Message: ni hao! | Latency: 0.0205s
[F] Received | Sender: [A] | Topic: chat | Message: ni hao! | Latency: 0.0241s
[B] Received | Sender: [A] | Topic: chat | Message: ni hao! | Latency: 0.0302s
[B] Received | Sender: [A] | Topic: chat | Message: ni hao! | Latency: 0.0076s
[A] Received | Sender: [A] | Topic: chat | Message: ni hao! | Latency: 0.0154s
[F] Received | Sender: [A] | Topic: chat | Message: ni hao! | Latency: 0.0197s
[D] Received | Sender: [A] | Topic: chat | Message: ni hao! | Latency: 0.0205s
[C] Received | Sender: [A] | Topic: chat | Message: ni hao! | Latency: 0.0208s
[E] Received | Sender: [A] | Topic: chat | Message: ni hao! | Latency: 0.0219s
[D] Received | Sender: [A] | Topic: chat | Message: ni hao! | Latency: 0.0051s
[A] Received | Sender: [A] | Topic: chat | Message: ni hao! | Latency: 0.0084s
[C] Received | Sender: [A] | Topic: chat | Message: ni hao! | Latency: 0.0085s
[E] Received | Sender: [A] | Topic: chat | Message: ni hao! | Latency: 0.0124s
[F] Received | Sender: [A] | Topic: chat | Message: ni hao! | Latency: 0.0127s
[B] Received | Sender: [A] | Topic: chat | Message: ni hao! | Latency: 0.0222s
[D] Received | Sender: [A] | Topic: chat | Message: ni hao! | Latency: 0.0020s
[B] Received | Sender: [A] | Topic: chat | Message: ni hao! | Latency: 0.0054s
[C] Received | Sender: [A] | Topic: chat | Message: ni hao! | Latency: 0.0085s
[F] Received | Sender: [A] | Topic: chat | Message: ni hao! | Latency: 0.0098s
[A] Received | Sender: [A] | Topic: chat | Message: ni hao! | Latency: 0.0121s
[E] Received | Sender: [A] | Topic: chat | Message: ni hao! | Latency: 0.0123s
[F] Received | Sender: [A] | Topic: chat | Message: ni hao! | Latency: 0.0056s
[E] Received | Sender: [A] | Topic: chat | Message: ni hao! | Latency: 0.0141s
[B] Received | Sender: [A] | Topic: chat | Message: ni hao! | Latency: 0.0203s
[D] Received | Sender: [A] | Topic: chat | Message: ni hao! | Latency: 0.0211s
[C] Received | Sender: [A] | Topic: chat | Message: ni hao! | Latency: 0.0208s
[A] Received | Sender: [A] | Topic: chat | Message: ni hao! | Latency: 0.0366s
[F] Received | Sender: [A] | Topic: chat | Message: ni hao! | Latency: 0.0036s
[D] Received | Sender: [A] | Topic: chat | Message: ni hao! | Latency: 0.0098s
[B] Received | Sender: [A] | Topic: chat | Message: ni hao! | Latency: 0.0111s
[E] Received | Sender: [A] | Topic: chat | Message: ni hao! | Latency: 0.0127s
[C] Received | Sender: [A] | Topic: chat | Message: ni hao! | Latency: 0.0153s
[A] Received | Sender: [A] | Topic: chat | Message: ni hao! | Latency: 0.0158s
[F] Received | Sender: [A] | Topic: chat | Message: ni hao! | Latency: 0.0053s
[D] Received | Sender: [A] | Topic: chat | Message: ni hao! | Latency: 0.0112s
[A] Received | Sender: [A] | Topic: chat | Message: ni hao! | Latency: 0.0108s
[E] Received | Sender: [A] | Topic: chat | Message: ni hao! | Latency: 0.0159s
[C] Received | Sender: [A] | Topic: chat | Message: ni hao! | Latency: 0.0165s
[B] Received | Sender: [A] | Topic: chat | Message: ni hao! | Latency: 0.0166s
[B] Received | Sender: [A] | Topic: chat | Message: ni hao! | Latency: 0.0052s
[C] Received | Sender: [A] | Topic: chat | Message: ni hao! | Latency: 0.0150s
[F] Received | Sender: [A] | Topic: chat | Message: ni hao! | Latency: 0.0150s
[E] Received | Sender: [A] | Topic: chat | Message: ni hao! | Latency: 0.0188s
[A] Received | Sender: [A] | Topic: chat | Message: ni hao! | Latency: 0.0189s
[D] Received | Sender: [A] | Topic: chat | Message: ni hao! | Latency: 0.0193s
[D] Received | Sender: [A] | Topic: chat | Message: ni hao! | Latency: 0.0058s
[B] Received | Sender: [A] | Topic: chat | Message: ni hao! | Latency: 0.0124s
[F] Received | Sender: [A] | Topic: chat | Message: ni hao! | Latency: 0.0123s
[E] Received | Sender: [A] | Topic: chat | Message: ni hao! | Latency: 0.0169s
[C] Received | Sender: [A] | Topic: chat | Message: ni hao! | Latency: 0.0166s
[A] Received | Sender: [A] | Topic: chat | Message: ni hao! | Latency: 0.0180s
[E] Received | Sender: [A] | Topic: chat | Message: ni hao! | Latency: 0.0089s
[F] Received | Sender: [A] | Topic: chat | Message: ni hao! | Latency: 0.0143s
[C] Received | Sender: [A] | Topic: chat | Message: ni hao! | Latency: 0.0143s
[B] Received | Sender: [A] | Topic: chat | Message: ni hao! | Latency: 0.0190s
[D] Received | Sender: [A] | Topic: chat | Message: ni hao! | Latency: 0.0244s
[A] Received | Sender: [A] | Topic: chat | Message: ni hao! | Latency: 0.0254s
[D] Received | Sender: [A] | Topic: chat | Message: ni hao! | Latency: 0.0058s
[F] Received | Sender: [A] | Topic: chat | Message: ni hao! | Latency: 0.0150s
[B] Received | Sender: [A] | Topic: chat | Message: ni hao! | Latency: 0.0155s
[C] Received | Sender: [A] | Topic: chat | Message: ni hao! | Latency: 0.0194s
[A] Received | Sender: [A] | Topic: chat | Message: ni hao! | Latency: 0.0202s
[E] Received | Sender: [A] | Topic: chat | Message: ni hao! | Latency: 0.0435s
[D] Received | Sender: [A] | Topic: chat | Message: ni hao! | Latency: 0.0058s
[B] Received | Sender: [A] | Topic: chat | Message: ni hao! | Latency: 0.0123s
[A] Received | Sender: [A] | Topic: chat | Message: ni hao! | Latency: 0.0122s
[E] Received | Sender: [A] | Topic: chat | Message: ni hao! | Latency: 0.0168s
[C] Received | Sender: [A] | Topic: chat | Message: ni hao! | Latency: 0.0176s
[F] Received | Sender: [A] | Topic: chat | Message: ni hao! | Latency: 0.0240s
[B] Received | Sender: [A] | Topic: chat | Message: ni hao! | Latency: 0.0053s
[E] Received | Sender: [A] | Topic: chat | Message: ni hao! | Latency: 0.0122s
[A] Received | Sender: [A] | Topic: chat | Message: ni hao! | Latency: 0.0122s
[C] Received | Sender: [A] | Topic: chat | Message: ni hao! | Latency: 0.0172s
[F] Received | Sender: [A] | Topic: chat | Message: ni hao! | Latency: 0.0200s
[D] Received | Sender: [A] | Topic: chat | Message: ni hao! | Latency: 0.0208s
[D] Received | Sender: [A] | Topic: chat | Message: ni hao! | Latency: 0.0032s
[F] Received | Sender: [A] | Topic: chat | Message: ni hao! | Latency: 0.0064s
[B] Received | Sender: [A] | Topic: chat | Message: ni hao! | Latency: 0.0062s
[C] Received | Sender: [A] | Topic: chat | Message: ni hao! | Latency: 0.0102s
[E] Received | Sender: [A] | Topic: chat | Message: ni hao! | Latency: 0.0105s
[A] Received | Sender: [A] | Topic: chat | Message: ni hao! | Latency: 0.0110s
[D] Received | Sender: [A] | Topic: chat | Message: ni hao! | Latency: 0.0077s
[C] Received | Sender: [A] | Topic: chat | Message: ni hao! | Latency: 0.0141s
[E] Received | Sender: [A] | Topic: chat | Message: ni hao! | Latency: 0.0143s
[B] Received | Sender: [A] | Topic: chat | Message: ni hao! | Latency: 0.0190s
[F] Received | Sender: [A] | Topic: chat | Message: ni hao! | Latency: 0.0195s
[A] Received | Sender: [A] | Topic: chat | Message: ni hao! | Latency: 0.0263s
[B] Received | Sender: [A] | Topic: chat | Message: ni hao! | Latency: 0.0071s
[D] Received | Sender: [A] | Topic: chat | Message: ni hao! | Latency: 0.0120s
[E] Received | Sender: [A] | Topic: chat | Message: ni hao! | Latency: 0.0177s
[C] Received | Sender: [A] | Topic: chat | Message: ni hao! | Latency: 0.0182s
[F] Received | Sender: [A] | Topic: chat | Message: ni hao! | Latency: 0.0221s
[A] Received | Sender: [A] | Topic: chat | Message: ni hao! | Latency: 0.0263s
[B] Received | Sender: [A] | Topic: chat | Message: ni hao! | Latency: 0.0025s
[F] Received | Sender: [A] | Topic: chat | Message: ni hao! | Latency: 0.0052s
[D] Received | Sender: [A] | Topic: chat | Message: ni hao! | Latency: 0.0087s
[E] Received | Sender: [A] | Topic: chat | Message: ni hao! | Latency: 0.0088s
[C] Received | Sender: [A] | Topic: chat | Message: ni hao! | Latency: 0.0153s
[A] Received | Sender: [A] | Topic: chat | Message: ni hao! | Latency: 0.0193s
[F] Received | Sender: [A] | Topic: chat | Message: ni hao! | Latency: 0.0051s
[C] Received | Sender: [A] | Topic: chat | Message: ni hao! | Latency: 0.0114s
[D] Received | Sender: [A] | Topic: chat | Message: ni hao! | Latency: 0.0121s
[A] Received | Sender: [A] | Topic: chat | Message: ni hao! | Latency: 0.0176s
[E] Received | Sender: [A] | Topic: chat | Message: ni hao! | Latency: 0.0176s
[B] Received | Sender: [A] | Topic: chat | Message: ni hao! | Latency: 0.0189s
[F] Received | Sender: [A] | Topic: chat | Message: ni hao! | Latency: 0.0074s
[C] Received | Sender: [A] | Topic: chat | Message: ni hao! | Latency: 0.0134s
[D] Received | Sender: [A] | Topic: chat | Message: ni hao! | Latency: 0.0137s
[B] Received | Sender: [A] | Topic: chat | Message: ni hao! | Latency: 0.0176s
[A] Received | Sender: [A] | Topic: chat | Message: ni hao! | Latency: 0.0179s
[E] Received | Sender: [A] | Topic: chat | Message: ni hao! | Latency: 0.0178s
[E] Received | Sender: [A] | Topic: chat | Message: ni hao! | Latency: 0.0058s
[C] Received | Sender: [A] | Topic: chat | Message: ni hao! | Latency: 0.0117s
[B] Received | Sender: [A] | Topic: chat | Message: ni hao! | Latency: 0.0119s
[D] Received | Sender: [A] | Topic: chat | Message: ni hao! | Latency: 0.0172s
[F] Received | Sender: [A] | Topic: chat | Message: ni hao! | Latency: 0.0230s
[A] Received | Sender: [A] | Topic: chat | Message: ni hao! | Latency: 0.0268s
[F] Received | Sender: [A] | Topic: chat | Message: ni hao! | Latency: 0.0051s
[A] Received | Sender: [A] | Topic: chat | Message: ni hao! | Latency: 0.0125s
[B] Received | Sender: [A] | Topic: chat | Message: ni hao! | Latency: 0.0128s
[D] Received | Sender: [A] | Topic: chat | Message: ni hao! | Latency: 0.0191s
[C] Received | Sender: [A] | Topic: chat | Message: ni hao! | Latency: 0.0203s
[E] Received | Sender: [A] | Topic: chat | Message: ni hao! | Latency: 0.0260s
[B] Received | Sender: [A] | Topic: chat | Message: ni hao! | Latency: 0.0103s
[D] Received | Sender: [A] | Topic: chat | Message: ni hao! | Latency: 0.0151s
[C] Received | Sender: [A] | Topic: chat | Message: ni hao! | Latency: 0.0151s
[E] Received | Sender: [A] | Topic: chat | Message: ni hao! | Latency: 0.0192s
[F] Received | Sender: [A] | Topic: chat | Message: ni hao! | Latency: 0.0225s
[A] Received | Sender: [A] | Topic: chat | Message: ni hao! | Latency: 0.0272s
[D] Received | Sender: [A] | Topic: chat | Message: ni hao! | Latency: 0.0030s
[B] Received | Sender: [A] | Topic: chat | Message: ni hao! | Latency: 0.0062s
[E] Received | Sender: [A] | Topic: chat | Message: ni hao! | Latency: 0.0068s
[A] Received | Sender: [A] | Topic: chat | Message: ni hao! | Latency: 0.0130s
[F] Received | Sender: [A] | Topic: chat | Message: ni hao! | Latency: 0.0131s
[C] Received | Sender: [A] | Topic: chat | Message: ni hao! | Latency: 0.0201s
[C] Received | Sender: [A] | Topic: chat | Message: ni hao! | Latency: 0.0047s
[A] Received | Sender: [A] | Topic: chat | Message: ni hao! | Latency: 0.0111s
[E] Received | Sender: [A] | Topic: chat | Message: ni hao! | Latency: 0.0115s
[F] Received | Sender: [A] | Topic: chat | Message: ni hao! | Latency: 0.0157s
[B] Received | Sender: [A] | Topic: chat | Message: ni hao! | Latency: 0.0165s
[D] Received | Sender: [A] | Topic: chat | Message: ni hao! | Latency: 0.0235s
[E] Received | Sender: [A] | Topic: chat | Message: ni hao! | Latency: 0.0050s
[F] Received | Sender: [A] | Topic: chat | Message: ni hao! | Latency: 0.0157s
[B] Received | Sender: [A] | Topic: chat | Message: ni hao! | Latency: 0.0163s
[C] Received | Sender: [A] | Topic: chat | Message: ni hao! | Latency: 0.0200s
[D] Received | Sender: [A] | Topic: chat | Message: ni hao! | Latency: 0.0212s
[A] Received | Sender: [A] | Topic: chat | Message: ni hao! | Latency: 0.0292s
[B] Received | Sender: [A] | Topic: chat | Message: ni hao! | Latency: 0.0075s
[F] Received | Sender: [A] | Topic: chat | Message: ni hao! | Latency: 0.0142s
[E] Received | Sender: [A] | Topic: chat | Message: ni hao! | Latency: 0.0142s
[C] Received | Sender: [A] | Topic: chat | Message: ni hao! | Latency: 0.0183s
[A] Received | Sender: [A] | Topic: chat | Message: ni hao! | Latency: 0.0192s
[D] Received | Sender: [A] | Topic: chat | Message: ni hao! | Latency: 0.0684s
[E] Received | Sender: [A] | Topic: chat | Message: ni hao! | Latency: 0.0067s
[D] Received | Sender: [A] | Topic: chat | Message: ni hao! | Latency: 0.0117s
[F] Received | Sender: [A] | Topic: chat | Message: ni hao! | Latency: 0.0117s
[C] Received | Sender: [A] | Topic: chat | Message: ni hao! | Latency: 0.0186s
[A] Received | Sender: [A] | Topic: chat | Message: ni hao! | Latency: 0.0188s
[B] Received | Sender: [A] | Topic: chat | Message: ni hao! | Latency: 0.0212s
[C] Received | Sender: [A] | Topic: chat | Message: ni hao! | Latency: 0.0072s
[A] Received | Sender: [A] | Topic: chat | Message: ni hao! | Latency: 0.0144s
[F] Received | Sender: [A] | Topic: chat | Message: ni hao! | Latency: 0.0145s
[E] Received | Sender: [A] | Topic: chat | Message: ni hao! | Latency: 0.0187s
[B] Received | Sender: [A] | Topic: chat | Message: ni hao! | Latency: 0.0183s
[D] Received | Sender: [A] | Topic: chat | Message: ni hao! | Latency: 0.0219s
[B] Received | Sender: [A] | Topic: chat | Message: ni hao! | Latency: 0.0060s
[F] Received | Sender: [A] | Topic: chat | Message: ni hao! | Latency: 0.0129s
[D] Received | Sender: [A] | Topic: chat | Message: ni hao! | Latency: 0.0189s
[E] Received | Sender: [A] | Topic: chat | Message: ni hao! | Latency: 0.0288s
[A] Received | Sender: [A] | Topic: chat | Message: ni hao! | Latency: 0.0288s
[C] Received | Sender: [A] | Topic: chat | Message: ni hao! | Latency: 0.0428s
[E] Received | Sender: [A] | Topic: chat | Message: ni hao! | Latency: 0.0069s
[C] Received | Sender: [A] | Topic: chat | Message: ni hao! | Latency: 0.0130s
[D] Received | Sender: [A] | Topic: chat | Message: ni hao! | Latency: 0.0130s
[F] Received | Sender: [A] | Topic: chat | Message: ni hao! | Latency: 0.0181s
[A] Received | Sender: [A] | Topic: chat | Message: ni hao! | Latency: 0.0189s
[B] Received | Sender: [A] | Topic: chat | Message: ni hao! | Latency: 0.0206s
[C] Received | Sender: [A] | Topic: chat | Message: ni hao! | Latency: 0.0074s
[E] Received | Sender: [A] | Topic: chat | Message: ni hao! | Latency: 0.0140s
[F] Received | Sender: [A] | Topic: chat | Message: ni hao! | Latency: 0.0138s
[D] Received | Sender: [A] | Topic: chat | Message: ni hao! | Latency: 0.0192s
[A] Received | Sender: [A] | Topic: chat | Message: ni hao! | Latency: 0.0246s
[B] Received | Sender: [A] | Topic: chat | Message: ni hao! | Latency: 0.0258s
[E] Received | Sender: [A] | Topic: chat | Message: ni hao! | Latency: 0.0050s
[C] Received | Sender: [A] | Topic: chat | Message: ni hao! | Latency: 0.0047s
[D] Received | Sender: [A] | Topic: chat | Message: ni hao! | Latency: 0.0062s
[B] Received | Sender: [A] | Topic: chat | Message: ni hao! | Latency: 0.0060s
[A] Received | Sender: [A] | Topic: chat | Message: ni hao! | Latency: 0.0093s
[F] Received | Sender: [A] | Topic: chat | Message: ni hao! | Latency: 0.0137s
[F] Received | Sender: [A] | Topic: chat | Message: ni hao! | Latency: 0.0056s
[E] Received | Sender: [A] | Topic: chat | Message: ni hao! | Latency: 0.0130s
[C] Received | Sender: [A] | Topic: chat | Message: ni hao! | Latency: 0.0131s
[A] Received | Sender: [A] | Topic: chat | Message: ni hao! | Latency: 0.0176s
[B] Received | Sender: [A] | Topic: chat | Message: ni hao! | Latency: 0.0183s
[D] Received | Sender: [A] | Topic: chat | Message: ni hao! | Latency: 0.0231s
[F] Received | Sender: [A] | Topic: chat | Message: ni hao! | Latency: 0.0073s
[C] Received | Sender: [A] | Topic: chat | Message: ni hao! | Latency: 0.0124s
[E] Received | Sender: [A] | Topic: chat | Message: ni hao! | Latency: 0.0124s
[A] Received | Sender: [A] | Topic: chat | Message: ni hao! | Latency: 0.0167s
[B] Received | Sender: [A] | Topic: chat | Message: ni hao! | Latency: 0.0171s
[D] Received | Sender: [A] | Topic: chat | Message: ni hao! | Latency: 0.0209s
[B] Received | Sender: [A] | Topic: chat | Message: ni hao! | Latency: 0.0056s
[A] Received | Sender: [A] | Topic: chat | Message: ni hao! | Latency: 0.0091s
[D] Received | Sender: [A] | Topic: chat | Message: ni hao! | Latency: 0.0101s
[F] Received | Sender: [A] | Topic: chat | Message: ni hao! | Latency: 0.0145s
[E] Received | Sender: [A] | Topic: chat | Message: ni hao! | Latency: 0.0151s
[C] Received | Sender: [A] | Topic: chat | Message: ni hao! | Latency: 0.0220s
[C] Received | Sender: [A] | Topic: chat | Message: ni hao! | Latency: 0.0064s
[F] Received | Sender: [A] | Topic: chat | Message: ni hao! | Latency: 0.0139s
[D] Received | Sender: [A] | Topic: chat | Message: ni hao! | Latency: 0.0140s
[E] Received | Sender: [A] | Topic: chat | Message: ni hao! | Latency: 0.0201s
[B] Received | Sender: [A] | Topic: chat | Message: ni hao! | Latency: 0.0206s
[A] Received | Sender: [A] | Topic: chat | Message: ni hao! | Latency: 0.0281s
[D] Received | Sender: [A] | Topic: chat | Message: ni hao! | Latency: 0.0057s
[A] Received | Sender: [A] | Topic: chat | Message: ni hao! | Latency: 0.0127s
[E] Received | Sender: [A] | Topic: chat | Message: ni hao! | Latency: 0.0146s
[F] Received | Sender: [A] | Topic: chat | Message: ni hao! | Latency: 0.0201s
[C] Received | Sender: [A] | Topic: chat | Message: ni hao! | Latency: 0.0222s
[B] Received | Sender: [A] | Topic: chat | Message: ni hao! | Latency: 0.0270s
[E] Received | Sender: [A] | Topic: chat | Message: ni hao! | Latency: 0.0049s
[B] Received | Sender: [A] | Topic: chat | Message: ni hao! | Latency: 0.0117s
[D] Received | Sender: [A] | Topic: chat | Message: ni hao! | Latency: 0.0117s
[C] Received | Sender: [A] | Topic: chat | Message: ni hao! | Latency: 0.0170s
[F] Received | Sender: [A] | Topic: chat | Message: ni hao! | Latency: 0.0248s
[A] Received | Sender: [A] | Topic: chat | Message: ni hao! | Latency: 0.0265s
[C] Received | Sender: [A] | Topic: chat | Message: ni hao! | Latency: 0.0051s
[B] Received | Sender: [A] | Topic: chat | Message: ni hao! | Latency: 0.0122s
[E] Received | Sender: [A] | Topic: chat | Message: ni hao! | Latency: 0.0123s
[D] Received | Sender: [A] | Topic: chat | Message: ni hao! | Latency: 0.0179s
[A] Received | Sender: [A] | Topic: chat | Message: ni hao! | Latency: 0.0175s
[F] Received | Sender: [A] | Topic: chat | Message: ni hao! | Latency: 0.0248s
[C] Received | Sender: [A] | Topic: chat | Message: ni hao! | Latency: 0.0054s
[E] Received | Sender: [A] | Topic: chat | Message: ni hao! | Latency: 0.0096s
[D] Received | Sender: [A] | Topic: chat | Message: ni hao! | Latency: 0.0131s
[F] Received | Sender: [A] | Topic: chat | Message: ni hao! | Latency: 0.0143s
[B] Received | Sender: [A] | Topic: chat | Message: ni hao! | Latency: 0.0173s
[A] Received | Sender: [A] | Topic: chat | Message: ni hao! | Latency: 0.0193s
[B] Received | Sender: [A] | Topic: chat | Message: ni hao! | Latency: 0.0051s
[F] Received | Sender: [A] | Topic: chat | Message: ni hao! | Latency: 0.0117s
[C] Received | Sender: [A] | Topic: chat | Message: ni hao! | Latency: 0.0117s
[E] Received | Sender: [A] | Topic: chat | Message: ni hao! | Latency: 0.0172s
[D] Received | Sender: [A] | Topic: chat | Message: ni hao! | Latency: 0.0188s
[A] Received | Sender: [A] | Topic: chat | Message: ni hao! | Latency: 0.0266s
[F] Received | Sender: [A] | Topic: chat | Message: ni hao! | Latency: 0.0077s
[C] Received | Sender: [A] | Topic: chat | Message: ni hao! | Latency: 0.0151s
[A] Received | Sender: [A] | Topic: chat | Message: ni hao! | Latency: 0.0190s
[B] Received | Sender: [A] | Topic: chat | Message: ni hao! | Latency: 0.0193s
[E] Received | Sender: [A] | Topic: chat | Message: ni hao! | Latency: 0.0231s
[D] Received | Sender: [A] | Topic: chat | Message: ni hao! | Latency: 0.0240s
[E] Received | Sender: [A] | Topic: chat | Message: ni hao! | Latency: 0.0031s
[B] Received | Sender: [A] | Topic: chat | Message: ni hao! | Latency: 0.0067s
[D] Received | Sender: [A] | Topic: chat | Message: ni hao! | Latency: 0.0068s
[A] Received | Sender: [A] | Topic: chat | Message: ni hao! | Latency: 0.0104s
[C] Received | Sender: [A] | Topic: chat | Message: ni hao! | Latency: 0.0114s
[F] Received | Sender: [A] | Topic: chat | Message: ni hao! | Latency: 0.0160s
[D] Received | Sender: [A] | Topic: chat | Message: ni hao! | Latency: 0.0022s
[F] Received | Sender: [A] | Topic: chat | Message: ni hao! | Latency: 0.0045s
[C] Received | Sender: [A] | Topic: chat | Message: ni hao! | Latency: 0.0045s
[E] Received | Sender: [A] | Topic: chat | Message: ni hao! | Latency: 0.0070s
[B] Received | Sender: [A] | Topic: chat | Message: ni hao! | Latency: 0.0072s
[A] Received | Sender: [A] | Topic: chat | Message: ni hao! | Latency: 0.0109s
[F] Received | Sender: [A] | Topic: chat | Message: ni hao! | Latency: 0.0033s
[B] Received | Sender: [A] | Topic: chat | Message: ni hao! | Latency: 0.0072s
[A] Received | Sender: [A] | Topic: chat | Message: ni hao! | Latency: 0.0071s
[D] Received | Sender: [A] | Topic: chat | Message: ni hao! | Latency: 0.0101s
[E] Received | Sender: [A] | Topic: chat | Message: ni hao! | Latency: 0.0104s
[F] Received | Sender: [A] | Topic: chat | Message: ni hao! | Latency: 0.0033s
[B] Received | Sender: [A] | Topic: chat | Message: ni hao! | Latency: 0.0059s
[E] Received | Sender: [A] | Topic: chat | Message: ni hao! | Latency: 0.0085s
[C] Received | Sender: [A] | Topic: chat | Message: ni hao! | Latency: 0.0086s
[A] Received | Sender: [A] | Topic: chat | Message: ni hao! | Latency: 0.0113s
[D] Received | Sender: [A] | Topic: chat | Message: ni hao! | Latency: 0.0118s
[E] Received | Sender: [A] | Topic: chat | Message: ni hao! | Latency: 0.0046s
[F] Received | Sender: [A] | Topic: chat | Message: ni hao! | Latency: 0.0073s
[B] Received | Sender: [A] | Topic: chat | Message: ni hao! | Latency: 0.0104s
[C] Received | Sender: [A] | Topic: chat | Message: ni hao! | Latency: 0.0105s
[A] Received | Sender: [A] | Topic: chat | Message: ni hao! | Latency: 0.0122s
[D] Received | Sender: [A] | Topic: chat | Message: ni hao! | Latency: 0.0196s
[E] Received | Sender: [A] | Topic: chat | Message: ni hao! | Latency: 0.0027s
[F] Received | Sender: [A] | Topic: chat | Message: ni hao! | Latency: 0.0062s
[C] Received | Sender: [A] | Topic: chat | Message: ni hao! | Latency: 0.0093s
[A] Received | Sender: [A] | Topic: chat | Message: ni hao! | Latency: 0.0101s
[D] Received | Sender: [A] | Topic: chat | Message: ni hao! | Latency: 0.0149s
[B] Received | Sender: [A] | Topic: chat | Message: ni hao! | Latency: 0.0158s
[C] Received | Sender: [A] | Topic: chat | Message: ni hao! | Latency: 0.0043s
[E] Received | Sender: [A] | Topic: chat | Message: ni hao! | Latency: 0.0078s
[B] Received | Sender: [A] | Topic: chat | Message: ni hao! | Latency: 0.0085s
[D] Received | Sender: [A] | Topic: chat | Message: ni hao! | Latency: 0.0119s
[A] Received | Sender: [A] | Topic: chat | Message: ni hao! | Latency: 0.0119s
[F] Received | Sender: [A] | Topic: chat | Message: ni hao! | Latency: 0.0134s
[C] Received | Sender: [A] | Topic: chat | Message: ni hao! | Latency: 0.0023s
[E] Received | Sender: [A] | Topic: chat | Message: ni hao! | Latency: 0.0042s
[A] Received | Sender: [A] | Topic: chat | Message: ni hao! | Latency: 0.0069s
[B] Received | Sender: [A] | Topic: chat | Message: ni hao! | Latency: 0.0068s
[F] Received | Sender: [A] | Topic: chat | Message: ni hao! | Latency: 0.0073s
[D] Received | Sender: [A] | Topic: chat | Message: ni hao! | Latency: 0.0097s
[F] Received | Sender: [A] | Topic: chat | Message: ni hao! | Latency: 0.0016s
[E] Received | Sender: [A] | Topic: chat | Message: ni hao! | Latency: 0.0041s
[C] Received | Sender: [A] | Topic: chat | Message: ni hao! | Latency: 0.0045s
[D] Received | Sender: [A] | Topic: chat | Message: ni hao! | Latency: 0.0070s
[A] Received | Sender: [A] | Topic: chat | Message: ni hao! | Latency: 0.0072s
[B] Received | Sender: [A] | Topic: chat | Message: ni hao! | Latency: 0.0075s
[C] Received | Sender: [A] | Topic: chat | Message: ni hao! | Latency: 0.9993s
[D] Received | Sender: [A] | Topic: chat | Message: ni hao! | Latency: 0.0232s
[C] Received | Sender: [A] | Topic: chat | Message: ni hao! | Latency: 0.0355s
[A] Received | Sender: [A] | Topic: chat | Message: ni hao! | Latency: 0.0415s
[C] Received | Sender: [A] | Topic: chat | Message: ni hao! | Latency: 0.0028s
[F] Received | Sender: [A] | Topic: chat | Message: ni hao! | Latency: 0.0466s
[D] Received | Sender: [A] | Topic: chat | Message: ni hao! | Latency: 0.0075s
[F] Received | Sender: [A] | Topic: chat | Message: ni hao! | Latency: 0.0074s
[E] Received | Sender: [A] | Topic: chat | Message: ni hao! | Latency: 0.0529s
[A] Received | Sender: [A] | Topic: chat | Message: ni hao! | Latency: 0.0114s
[E] Received | Sender: [A] | Topic: chat | Message: ni hao! | Latency: 0.0120s
[D] Received | Sender: [A] | Topic: chat | Message: ni hao! | Latency: 0.0019s
[C] Received | Sender: [A] | Topic: chat | Message: ni hao! | Latency: 0.0048s
[E] Received | Sender: [A] | Topic: chat | Message: ni hao! | Latency: 0.0049s
[A] Received | Sender: [A] | Topic: chat | Message: ni hao! | Latency: 0.0082s
[F] Received | Sender: [A] | Topic: chat | Message: ni hao! | Latency: 0.0136s
[E] Received | Sender: [A] | Topic: chat | Message: ni hao! | Latency: 0.0030s
[C] Received | Sender: [A] | Topic: chat | Message: ni hao! | Latency: 0.0063s
[F] Received | Sender: [A] | Topic: chat | Message: ni hao! | Latency: 0.0094s
[D] Received | Sender: [A] | Topic: chat | Message: ni hao! | Latency: 0.0118s
[F] Received | Sender: [A] | Topic: chat | Message: ni hao! | Latency: 0.0025s
[A] Received | Sender: [A] | Topic: chat | Message: ni hao! | Latency: 0.0216s
[D] Received | Sender: [A] | Topic: chat | Message: ni hao! | Latency: 0.0047s
[C] Received | Sender: [A] | Topic: chat | Message: ni hao! | Latency: 0.0083s
[A] Received | Sender: [A] | Topic: chat | Message: ni hao! | Latency: 0.0106s
[F] Received | Sender: [A] | Topic: chat | Message: ni hao! | Latency: 0.0027s
[A] Received | Sender: [A] | Topic: chat | Message: ni hao! | Latency: 0.0053s
[D] Received | Sender: [A] | Topic: chat | Message: ni hao! | Latency: 0.0058s
[E] Received | Sender: [A] | Topic: chat | Message: ni hao! | Latency: 0.0130s
[E] Received | Sender: [A] | Topic: chat | Message: ni hao! | Latency: 0.0027s
[C] Received | Sender: [A] | Topic: chat | Message: ni hao! | Latency: 0.0162s
[F] Received | Sender: [A] | Topic: chat | Message: ni hao! | Latency: 0.0061s
[D] Received | Sender: [A] | Topic: chat | Message: ni hao! | Latency: 0.0107s
[C] Received | Sender: [A] | Topic: chat | Message: ni hao! | Latency: 0.0162s
[D] Received | Sender: [A] | Topic: chat | Message: ni hao! | Latency: 0.0018s
[F] Received | Sender: [A] | Topic: chat | Message: ni hao! | Latency: 0.0054s
[C] Received | Sender: [A] | Topic: chat | Message: ni hao! | Latency: 0.0083s
[A] Received | Sender: [A] | Topic: chat | Message: ni hao! | Latency: 0.0270s
[E] Received | Sender: [A] | Topic: chat | Message: ni hao! | Latency: 0.0093s
[A] Received | Sender: [A] | Topic: chat | Message: ni hao! | Latency: 0.0136s
[D] Received | Sender: [A] | Topic: chat | Message: ni hao! | Latency: 0.0027s
[A] Received | Sender: [A] | Topic: chat | Message: ni hao! | Latency: 0.0054s
[F] Received | Sender: [A] | Topic: chat | Message: ni hao! | Latency: 0.0068s
[E] Received | Sender: [A] | Topic: chat | Message: ni hao! | Latency: 0.0090s
[C] Received | Sender: [A] | Topic: chat | Message: ni hao! | Latency: 0.0093s
[D] Received | Sender: [A] | Topic: chat | Message: ni hao! | Latency: 0.0030s
[C] Received | Sender: [A] | Topic: chat | Message: ni hao! | Latency: 0.0057s
[F] Received | Sender: [A] | Topic: chat | Message: ni hao! | Latency: 0.0083s
[A] Received | Sender: [A] | Topic: chat | Message: ni hao! | Latency: 0.0084s
[E] Received | Sender: [A] | Topic: chat | Message: ni hao! | Latency: 0.0119s
[E] Received | Sender: [A] | Topic: chat | Message: ni hao! | Latency: 1.4597s
[D] Received | Sender: [A] | Topic: news | Message: ni hao! | Latency: 0.0064s
[C] Received | Sender: [A] | Topic: news | Message: ni hao! | Latency: 0.0022s
[D] Received | Sender: [A] | Topic: news | Message: ni hao! | Latency: 0.0043s
[D] Received | Sender: [A] | Topic: news | Message: ni hao! | Latency: 0.0056s
[C] Received | Sender: [A] | Topic: news | Message: ni hao! | Latency: 0.0219s
[D] Received | Sender: [A] | Topic: news | Message: ni hao! | Latency: 0.0027s
[C] Received | Sender: [A] | Topic: news | Message: ni hao! | Latency: 0.0199s
[C] Received | Sender: [A] | Topic: news | Message: ni hao! | Latency: 0.0026s
[D] Received | Sender: [A] | Topic: news | Message: ni hao! | Latency: 0.0101s
[C] Received | Sender: [A] | Topic: news | Message: ni hao! | Latency: 0.0019s
[D] Received | Sender: [A] | Topic: news | Message: ni hao! | Latency: 0.0062s
[C] Received | Sender: [A] | Topic: news | Message: ni hao! | Latency: 0.0048s
[D] Received | Sender: [A] | Topic: news | Message: ni hao! | Latency: 0.0095s
[C] Received | Sender: [A] | Topic: news | Message: ni hao! | Latency: 0.0047s
[D] Received | Sender: [A] | Topic: news | Message: ni hao! | Latency: 0.0073s
[C] Received | Sender: [A] | Topic: news | Message: ni hao! | Latency: 0.0055s
[D] Received | Sender: [A] | Topic: news | Message: ni hao! | Latency: 0.0092s
[C] Received | Sender: [A] | Topic: news | Message: ni hao! | Latency: 0.0121s
[D] Received | Sender: [A] | Topic: news | Message: ni hao! | Latency: 0.0141s
[C] Received | Sender: [A] | Topic: news | Message: ni hao! | Latency: 0.2399s
[D] Received | Sender: [A] | Topic: news | Message: ni hao! | Latency: 0.0118s
[C] Received | Sender: [A] | Topic: news | Message: ni hao! | Latency: 0.0209s
[D] Received | Sender: [A] | Topic: news | Message: ni hao! | Latency: 0.0217s
[C] Received | Sender: [A] | Topic: news | Message: ni hao! | Latency: 0.0252s
[D] Received | Sender: [A] | Topic: news | Message: ni hao! | Latency: 0.0170s
[C] Received | Sender: [A] | Topic: news | Message: ni hao! | Latency: 0.0200s
[D] Received | Sender: [A] | Topic: news | Message: ni hao! | Latency: 0.0212s
[C] Received | Sender: [A] | Topic: news | Message: ni hao! | Latency: 0.0268s
[C] Received | Sender: [A] | Topic: news | Message: ni hao! | Latency: 0.0153s
[D] Received | Sender: [A] | Topic: news | Message: ni hao! | Latency: 0.0208s
[D] Received | Sender: [A] | Topic: news | Message: ni hao! | Latency: 0.0135s
[C] Received | Sender: [A] | Topic: news | Message: ni hao! | Latency: 0.0181s
[C] Received | Sender: [A] | Topic: news | Message: ni hao! | Latency: 0.0205s
[D] Received | Sender: [A] | Topic: news | Message: ni hao! | Latency: 0.0283s
[D] Received | Sender: [A] | Topic: news | Message: ni hao! | Latency: 0.0060s
[C] Received | Sender: [A] | Topic: news | Message: ni hao! | Latency: 0.0191s
[C] Received | Sender: [A] | Topic: news | Message: ni hao! | Latency: 0.0147s
[D] Received | Sender: [A] | Topic: news | Message: ni hao! | Latency: 0.0136s
[C] Received | Sender: [A] | Topic: news | Message: ni hao! | Latency: 0.0054s
[D] Received | Sender: [A] | Topic: news | Message: ni hao! | Latency: 0.0187s
[B] Received | Sender: [A] | Topic: chat | Message: ni hao! | Latency: 110.2860s
[B] Received | Sender: [A] | Topic: chat | Message: ni hao! | Latency: 110.3077s
[B] Received | Sender: [A] | Topic: chat | Message: ni hao! | Latency: 110.3744s
[B] Received | Sender: [A] | Topic: chat | Message: ni hao! | Latency: 110.2739s
[B] Received | Sender: [A] | Topic: chat | Message: ni hao! | Latency: 110.3614s
[B] Received | Sender: [A] | Topic: chat | Message: ni hao! | Latency: 110.4217s
[B] Received | Sender: [A] | Topic: chat | Message: ni hao! | Latency: 110.4706s
[B] Received | Sender: [A] | Topic: chat | Message: ni hao! | Latency: 110.3764s
[B] Received | Sender: [A] | Topic: chat | Message: ni hao! | Latency: 110.4292s
[B] Received | Sender: [A] | Topic: chat | Message: ni hao! | Latency: 110.3555s
[D] Received | Sender: [A] | Topic: news | Message: wan shang hao! | Latency: 0.0152s
[C] Received | Sender: [A] | Topic: news | Message: wan shang hao! | Latency: 0.0192s
[B] Received | Sender: [A] | Topic: chat | Message: ni hao! | Latency: 240.5257s
[B] Received | Sender: [A] | Topic: chat | Message: ni hao! | Latency: 240.5472s
[B] Received | Sender: [A] | Topic: chat | Message: ni hao! | Latency: 240.6103s
[B] Received | Sender: [A] | Topic: chat | Message: ni hao! | Latency: 240.5115s
[B] Received | Sender: [A] | Topic: chat | Message: ni hao! | Latency: 240.5877s
[B] Received | Sender: [A] | Topic: chat | Message: ni hao! | Latency: 240.6551s
[B] Received | Sender: [A] | Topic: chat | Message: ni hao! | Latency: 240.7059s
[B] Received | Sender: [A] | Topic: chat | Message: ni hao! | Latency: 240.6050s
[B] Received | Sender: [A] | Topic: chat | Message: ni hao! | Latency: 240.5823s
[B] Received | Sender: [A] | Topic: chat | Message: ni hao! | Latency: 240.6611s
[B] Received | Sender: [A] | Topic: news | Message: wan shang hao | Latency: 0.0060s
[C] Received | Sender: [A] | Topic: news | Message: wan shang hao | Latency: 0.0268s
[D] Received | Sender: [A] | Topic: news | Message: wan shang hao | Latency: 0.0306s
[C] Received | Sender: [A] | Topic: chat | Message: wan shang hao | Latency: 0.0072s
[F] Received | Sender: [A] | Topic: chat | Message: wan shang hao | Latency: 0.0153s
[A] Received | Sender: [A] | Topic: chat | Message: wan shang hao | Latency: 0.0186s
[D] Received | Sender: [A] | Topic: chat | Message: wan shang hao | Latency: 0.0193s
[B] Received | Sender: [A] | Topic: chat | Message: wan shang hao | Latency: 0.0198s
[E] Received | Sender: [A] | Topic: chat | Message: wan shang hao | Latency: 0.0252s
[B] Received | Sender: [A] | Topic: news | Message: wan shang hao | Latency: 0.0048s
[D] Received | Sender: [A] | Topic: news | Message: wan shang hao | Latency: 0.0144s
[C] Received | Sender: [A] | Topic: news | Message: wan shang hao | Latency: 0.0147s
[C] Received | Sender: [A] | Topic: news | Message: wan shang hao | Latency: 0.0109s
[D] Received | Sender: [A] | Topic: news | Message: wan shang hao | Latency: 0.0169s
[B] Received | Sender: [A] | Topic: chat | Message:  Hello guys  | Latency: 0.0281s
[C] Received | Sender: [A] | Topic: chat | Message:  Hello guys  | Latency: 0.0446s
[D] Received | Sender: [A] | Topic: chat | Message:  Hello guys  | Latency: 0.0541s
[E] Received | Sender: [A] | Topic: chat | Message:  Hello guys  | Latency: 0.0624s
[F] Received | Sender: [A] | Topic: chat | Message:  Hello guys  | Latency: 0.0730s
[A] Received | Sender: [A] | Topic: chat | Message:  Hello guys  | Latency: 0.0747s
[B] Received | Sender: [A] | Topic: chat | Message:  Hello guys  | Latency: 0.0095s
[C] Received | Sender: [A] | Topic: chat | Message:  Hello guys  | Latency: 0.0166s
[D] Received | Sender: [A] | Topic: chat | Message:  Hello guys  | Latency: 0.0210s
[E] Received | Sender: [A] | Topic: chat | Message:  Hello guys  | Latency: 0.0260s
[F] Received | Sender: [A] | Topic: chat | Message:  Hello guys  | Latency: 0.0312s
[A] Received | Sender: [A] | Topic: chat | Message:  Hello guys  | Latency: 0.0325s
[B] Received | Sender: [A] | Topic: chat | Message:  Hello guys  | Latency: 0.0040s
[C] Received | Sender: [A] | Topic: chat | Message:  Hello guys  | Latency: 0.0109s
[D] Received | Sender: [A] | Topic: chat | Message:  Hello guys  | Latency: 0.0154s
[E] Received | Sender: [A] | Topic: chat | Message:  Hello guys  | Latency: 0.0187s
[F] Received | Sender: [A] | Topic: chat | Message:  Hello guys  | Latency: 0.0211s
[A] Received | Sender: [A] | Topic: chat | Message:  Hello guys  | Latency: 0.0220s
[B] Received | Sender: [A] | Topic: chat | Message:  Hello guys  | Latency: 0.0051s
[C] Received | Sender: [A] | Topic: chat | Message:  Hello guys  | Latency: 0.0132s
[D] Received | Sender: [A] | Topic: chat | Message:  Hello guys  | Latency: 0.0178s
[E] Received | Sender: [A] | Topic: chat | Message:  Hello guys  | Latency: 0.0216s
[F] Received | Sender: [A] | Topic: chat | Message:  Hello guys  | Latency: 0.0242s
[A] Received | Sender: [A] | Topic: chat | Message:  Hello guys  | Latency: 0.0253s
[B] Received | Sender: [A] | Topic: chat | Message:  Hello guys  | Latency: 0.0043s
[C] Received | Sender: [A] | Topic: chat | Message:  Hello guys  | Latency: 0.0092s
[D] Received | Sender: [A] | Topic: chat | Message:  Hello guys  | Latency: 0.0130s
[E] Received | Sender: [A] | Topic: chat | Message:  Hello guys  | Latency: 0.0165s
[F] Received | Sender: [A] | Topic: chat | Message:  Hello guys  | Latency: 0.0187s
[A] Received | Sender: [A] | Topic: chat | Message:  Hello guys  | Latency: 0.0194s
[E] Received | Sender: [A] | Topic: chat | Message:  Hello guys  | Latency: 0.0179s
[C] Received | Sender: [A] | Topic: chat | Message:  Hello guys  | Latency: 0.0267s
[B] Received | Sender: [A] | Topic: chat | Message:  Hello guys  | Latency: 0.0271s
[F] Received | Sender: [A] | Topic: chat | Message:  Hello guys  | Latency: 0.0346s
[D] Received | Sender: [A] | Topic: chat | Message:  Hello guys  | Latency: 0.0355s
[A] Received | Sender: [A] | Topic: chat | Message:  Hello guys  | Latency: 0.0400s
[B] Received | Sender: [A] | Topic: chat | Message:  Hello guys  | Latency: 0.0078s
[C] Received | Sender: [A] | Topic: chat | Message:  Hello guys  | Latency: 0.0185s
[D] Received | Sender: [A] | Topic: chat | Message:  Hello guys  | Latency: 0.0229s
[E] Received | Sender: [A] | Topic: chat | Message:  Hello guys  | Latency: 0.0275s
[F] Received | Sender: [A] | Topic: chat | Message:  Hello guys  | Latency: 0.0311s
[A] Received | Sender: [A] | Topic: chat | Message:  Hello guys  | Latency: 0.0335s
[B] Received | Sender: [A] | Topic: chat | Message:  Hello guys  | Latency: 0.0168s
[C] Received | Sender: [A] | Topic: chat | Message:  Hello guys  | Latency: 0.0256s
[D] Received | Sender: [A] | Topic: chat | Message:  Hello guys  | Latency: 0.0320s
[E] Received | Sender: [A] | Topic: chat | Message:  Hello guys  | Latency: 0.0402s
[F] Received | Sender: [A] | Topic: chat | Message:  Hello guys  | Latency: 0.0466s
[A] Received | Sender: [A] | Topic: chat | Message:  Hello guys  | Latency: 0.0489s
[A] Received | Sender: [B] | Topic: chat | Message:  Hello guys  | Latency: 0.0086s
[F] Received | Sender: [B] | Topic: chat | Message:  Hello guys  | Latency: 0.0166s
[E] Received | Sender: [B] | Topic: chat | Message:  Hello guys  | Latency: 0.0162s
[C] Received | Sender: [B] | Topic: chat | Message:  Hello guys  | Latency: 0.0164s
[D] Received | Sender: [B] | Topic: chat | Message:  Hello guys  | Latency: 0.0163s
[A] Received | Sender: [B] | Topic: chat | Message:  Hello guys  | Latency: 0.0255s
[C] Received | Sender: [B] | Topic: chat | Message:  Hello guys  | Latency: 0.0384s
[D] Received | Sender: [B] | Topic: chat | Message:  Hello guys  | Latency: 0.0385s
[E] Received | Sender: [B] | Topic: chat | Message:  Hello guys  | Latency: 0.0396s
[F] Received | Sender: [B] | Topic: chat | Message:  Hello guys  | Latency: 0.0392s
[C] Received | Sender: [B] | Topic: chat | Message:  Hello guys  | Latency: 0.0130s
[D] Received | Sender: [B] | Topic: chat | Message:  Hello guys  | Latency: 0.0179s
[E] Received | Sender: [B] | Topic: chat | Message:  Hello guys  | Latency: 0.0210s
[F] Received | Sender: [B] | Topic: chat | Message:  Hello guys  | Latency: 0.0247s
[B] Received | Sender: [B] | Topic: chat | Message:  Hello guys  | Latency: 0.0264s
[B] Received | Sender: [C] | Topic: chat | Message:  Hello guys  | Latency: 0.0067s
[E] Received | Sender: [C] | Topic: chat | Message:  Hello guys  | Latency: 0.0120s
[D] Received | Sender: [C] | Topic: chat | Message:  Hello guys  | Latency: 0.0120s
[F] Received | Sender: [C] | Topic: chat | Message:  Hello guys  | Latency: 0.0121s
[F] Received | Sender: [C] | Topic: chat | Message:  Hello guys  | Latency: 0.0187s | Lamport: 1
[A] Received | Sender: [C] | Topic: chat | Message:  Hello guys  | Latency: 0.0289s | Lamport: 1
[D] Received | Sender: [C] | Topic: chat | Message:  Hello guys  | Latency: 0.0379s | Lamport: 1
[B] Received | Sender: [C] | Topic: chat | Message:  Hello guys  | Latency: 0.0387s | Lamport: 1
[C] Received | Sender: [C] | Topic: chat | Message:  Hello guys  | Latency: 0.0439s | Lamport: 1
[E] Received | Sender: [C] | Topic: chat | Message:  Hello guys  | Latency: 0.0516s | Lamport: 1
[F] Received | Sender: [C] | Topic: chat | Message:  Hello guys  | Latency: 0.0087s | Lamport: 5
[B] Received | Sender: [C] | Topic: chat | Message:  Hello guys  | Latency: 0.0144s | Lamport: 5
[D] Received | Sender: [C] | Topic: chat | Message:  Hello guys  | Latency: 0.0143s | Lamport: 5
[C] Received | Sender: [C] | Topic: chat | Message:  Hello guys  | Latency: 0.0195s | Lamport: 5
[E] Received | Sender: [C] | Topic: chat | Message:  Hello guys  | Latency: 0.0200s | Lamport: 5
[A] Received | Sender: [C] | Topic: chat | Message:  Hello guys  | Latency: 0.0293s | Lamport: 5
[B] Received | Sender: [C] | Topic: chat | Message:  Hello guys  | Latency: 0.0469s | Lamport: 1
[A] Received | Sender: [C] | Topic: chat | Message:  Hello guys  | Latency: 0.0773s | Lamport: 1
[C] Received | Sender: [C] | Topic: chat | Message:  Hello guys  | Latency: 0.0818s | Lamport: 2
[E] Received | Sender: [C] | Topic: chat | Message:  Hello guys  | Latency: 0.0820s | Lamport: 1
[F] Received | Sender: [C] | Topic: chat | Message:  Hello guys  | Latency: 0.1141s | Lamport: 1
[D] Received | Sender: [C] | Topic: chat | Message:  Hello guys  | Latency: 0.1241s | Lamport: 1
[E] Received | Sender: [C] | Topic: chat | Message:  Hello guys  | Latency: 0.0470s | Lamport: 1
[A] Received | Sender: [C] | Topic: chat | Message:  Hello guys  | Latency: 0.0764s | Lamport: 1
[B] Received | Sender: [C] | Topic: chat | Message:  Hello guys  | Latency: 0.0770s | Lamport: 1
[C] Received | Sender: [C] | Topic: chat | Message:  Hello guys  | Latency: 0.0948s | Lamport: 2
[D] Received | Sender: [C] | Topic: chat | Message:  Hello guys  | Latency: 0.1084s | Lamport: 1
[F] Received | Sender: [C] | Topic: chat | Message:  Hello guys  | Latency: 0.1193s | Lamport: 1
[E] Received | Sender: [C] | Topic: chat | Message:  Hello guys  | Latency: 0.0202s | Lamport: 1
[F] Received | Sender: [C] | Topic: chat | Message:  Hello guys  | Latency: 0.0448s | Lamport: 1
[D] Received | Sender: [C] | Topic: chat | Message:  Hello guys  | Latency: 0.0457s | Lamport: 1
[A] Received | Sender: [C] | Topic: chat | Message:  Hello guys  | Latency: 0.0569s | Lamport: 1
[B] Received | Sender: [C] | Topic: chat | Message:  Hello guys  | Latency: 0.0592s | Lamport: 1
[C] Received | Sender: [C] | Topic: chat | Message:  Hello guys  | Latency: 0.0661s | Lamport: 2
[B] Received | Sender: [C] | Topic: chat | Message:  Hello guys  | Latency: 0.0142s | Lamport: 1
[F] Received | Sender: [C] | Topic: chat | Message:  Hello guys  | Latency: 0.0227s | Lamport: 1
[C] Received | Sender: [C] | Topic: chat | Message:  Hello guys  | Latency: 0.0258s | Lamport: 2
[A] Received | Sender: [C] | Topic: chat | Message:  Hello guys  | Latency: 0.0281s | Lamport: 1
[E] Received | Sender: [C] | Topic: chat | Message:  Hello guys  | Latency: 0.0304s | Lamport: 1
[D] Received | Sender: [C] | Topic: chat | Message:  Hello guys  | Latency: 0.0344s | Lamport: 1
[B] Received | Sender: [C] | Topic: chat | Message:  Hello guys  | Latency: 0.0350s | Lamport: 1
[E] Received | Sender: [C] | Topic: chat | Message:  Hello guys  | Latency: 0.0668s | Lamport: 1
[A] Received | Sender: [C] | Topic: chat | Message:  Hello guys  | Latency: 0.0703s | Lamport: 1
[C] Received | Sender: [C] | Topic: chat | Message:  Hello guys  | Latency: 0.0746s | Lamport: 2
[F] Received | Sender: [C] | Topic: chat | Message:  Hello guys  | Latency: 0.0957s | Lamport: 1
[D] Received | Sender: [C] | Topic: chat | Message:  Hello guys  | Latency: 0.0984s | Lamport: 1
[B] Received | Sender: [C] | Topic: chat | Message:  Hello guys  | Latency: 0.0187s | Lamport: 1
[A] Received | Sender: [C] | Topic: chat | Message:  Hello guys  | Latency: 0.0267s | Lamport: 1
[F] Received | Sender: [C] | Topic: chat | Message:  Hello guys  | Latency: 0.0268s | Lamport: 1
[E] Received | Sender: [C] | Topic: chat | Message:  Hello guys  | Latency: 0.0354s | Lamport: 1
[D] Received | Sender: [C] | Topic: chat | Message:  Hello guys  | Latency: 0.0354s | Lamport: 1
[C] Received | Sender: [C] | Topic: chat | Message:  Hello guys  | Latency: 0.0415s | Lamport: 2
[B] Received | Sender: [C] | Topic: chat | Message:  Hello guys  | Latency: 0.0245s | Lamport: 1
[F] Received | Sender: [C] | Topic: chat | Message:  Hello guys  | Latency: 0.0333s | Lamport: 1
[A] Received | Sender: [C] | Topic: chat | Message:  Hello guys  | Latency: 0.0341s | Lamport: 1
[C] Received | Sender: [C] | Topic: chat | Message:  Hello guys  | Latency: 0.0409s | Lamport: 2
[D] Received | Sender: [C] | Topic: chat | Message:  Hello guys  | Latency: 0.0499s | Lamport: 1
[E] Received | Sender: [C] | Topic: chat | Message:  Hello guys  | Latency: 0.0500s | Lamport: 1
[E] Received | Sender: [C] | Topic: chat | Message:  Hello guys  | Latency: 0.0206s | Lamport: 1
[F] Received | Sender: [C] | Topic: chat | Message:  Hello guys  | Latency: 0.0317s | Lamport: 1
[A] Received | Sender: [C] | Topic: chat | Message:  Hello guys  | Latency: 0.0332s | Lamport: 1
[C] Received | Sender: [C] | Topic: chat | Message:  Hello guys  | Latency: 0.0420s | Lamport: 2
[B] Received | Sender: [C] | Topic: chat | Message:  Hello guys  | Latency: 0.0520s | Lamport: 1
[D] Received | Sender: [C] | Topic: chat | Message:  Hello guys  | Latency: 0.0596s | Lamport: 1
[E] Received | Sender: [C] | Topic: chat | Message:  Hello guys  | Latency: 0.0275s | Lamport: 1
[A] Received | Sender: [C] | Topic: chat | Message:  Hello guys  | Latency: 0.0369s | Lamport: 1
[D] Received | Sender: [C] | Topic: chat | Message:  Hello guys  | Latency: 0.0372s | Lamport: 1
[C] Received | Sender: [C] | Topic: chat | Message:  Hello guys  | Latency: 0.0442s | Lamport: 2
[B] Received | Sender: [C] | Topic: chat | Message:  Hello guys  | Latency: 0.0487s | Lamport: 1
[F] Received | Sender: [C] | Topic: chat | Message:  Hello guys  | Latency: 0.0607s | Lamport: 1
[B] Received | Sender: [C] | Topic: chat | Message:  Hello guys  | Latency: 0.0154s | Lamport: 1
[D] Received | Sender: [C] | Topic: chat | Message:  Hello guys  | Latency: 0.0254s | Lamport: 1
[E] Received | Sender: [C] | Topic: chat | Message:  Hello guys  | Latency: 0.0258s | Lamport: 1
[C] Received | Sender: [C] | Topic: chat | Message:  Hello guys  | Latency: 0.0285s | Lamport: 2
[F] Received | Sender: [C] | Topic: chat | Message:  Hello guys  | Latency: 0.0368s | Lamport: 1
[A] Received | Sender: [C] | Topic: chat | Message:  Hello guys  | Latency: 0.0460s | Lamport: 1
[F] Received | Sender: [C] | Topic: chat | Message:  Hello guys 2  | Latency: 0.0089s | Lamport: 2
[B] Received | Sender: [C] | Topic: chat | Message:  Hello guys 2  | Latency: 0.0213s | Lamport: 2
[D] Received | Sender: [C] | Topic: chat | Message:  Hello guys 2  | Latency: 0.0219s | Lamport: 2
[C] Received | Sender: [C] | Topic: chat | Message:  Hello guys 2  | Latency: 0.0286s | Lamport: 4
[A] Received | Sender: [C] | Topic: chat | Message:  Hello guys 2  | Latency: 0.0398s | Lamport: 2
[E] Received | Sender: [C] | Topic: chat | Message:  Hello guys 2  | Latency: 0.0517s | Lamport: 2
[F] Received | Sender: [C] | Topic: chat | Message:  Hello guys 3  | Latency: 0.0144s | Lamport: 3
[E] Received | Sender: [C] | Topic: chat | Message:  Hello guys 3  | Latency: 0.0214s | Lamport: 3
[C] Received | Sender: [C] | Topic: chat | Message:  Hello guys 3  | Latency: 0.0267s | Lamport: 6
[B] Received | Sender: [C] | Topic: chat | Message:  Hello guys 3  | Latency: 0.0299s | Lamport: 3
[A] Received | Sender: [C] | Topic: chat | Message:  Hello guys 3  | Latency: 0.0376s | Lamport: 3
[D] Received | Sender: [C] | Topic: chat | Message:  Hello guys 3  | Latency: 0.0376s | Lamport: 3
[B] Received | Sender: [C] | Topic: chat | Message:  Hello guys 4  | Latency: 0.0055s | Lamport: 4
[F] Received | Sender: [C] | Topic: chat | Message:  Hello guys 4  | Latency: 0.0127s | Lamport: 4
[C] Received | Sender: [C] | Topic: chat | Message:  Hello guys 4  | Latency: 0.0200s | Lamport: 8
[A] Received | Sender: [C] | Topic: chat | Message:  Hello guys 4  | Latency: 0.0202s | Lamport: 4
[E] Received | Sender: [C] | Topic: chat | Message:  Hello guys 4  | Latency: 0.0239s | Lamport: 4
[D] Received | Sender: [C] | Topic: chat | Message:  Hello guys 4  | Latency: 0.0300s | Lamport: 4
[F] Received | Sender: [A] | Topic: chat | Message:  Hello guys 5  | Latency: 0.0090s | Lamport: 5
[A] Received | Sender: [A] | Topic: chat | Message:  Hello guys 5  | Latency: 0.0158s | Lamport: 6
[D] Received | Sender: [A] | Topic: chat | Message:  Hello guys 5  | Latency: 0.0170s | Lamport: 5
[E] Received | Sender: [A] | Topic: chat | Message:  Hello guys 5  | Latency: 0.0234s | Lamport: 5
[C] Received | Sender: [A] | Topic: chat | Message:  Hello guys 5  | Latency: 0.0231s | Lamport: 9
[B] Received | Sender: [A] | Topic: chat | Message:  Hello guys 5  | Latency: 0.0421s | Lamport: 5
[B] Received | Sender: [A] | Topic: chat | Message:  Hello guys 6  | Latency: 0.0171s | Lamport: 6
[C] Received | Sender: [A] | Topic: chat | Message:  Hello guys 6  | Latency: 0.0250s | Lamport: 10
[D] Received | Sender: [A] | Topic: chat | Message:  Hello guys 6  | Latency: 0.0287s | Lamport: 6
[E] Received | Sender: [A] | Topic: chat | Message:  Hello guys 6  | Latency: 0.0383s | Lamport: 6
[F] Received | Sender: [A] | Topic: chat | Message:  Hello guys 6  | Latency: 0.0444s | Lamport: 6
[A] Received | Sender: [A] | Topic: chat | Message:  Hello guys 6  | Latency: 0.0473s | Lamport: 8
[B] Received | Sender: [A] | Topic: chat | Message:  Hello guys 7  | Latency: 0.0121s | Lamport: 7
[C] Received | Sender: [A] | Topic: chat | Message:  Hello guys 7  | Latency: 0.0176s | Lamport: 11
[D] Received | Sender: [A] | Topic: chat | Message:  Hello guys 7  | Latency: 0.0225s | Lamport: 7
[E] Received | Sender: [A] | Topic: chat | Message:  Hello guys 7  | Latency: 0.0284s | Lamport: 7
[F] Received | Sender: [A] | Topic: chat | Message:  Hello guys 7  | Latency: 0.0324s | Lamport: 7
[A] Received | Sender: [A] | Topic: chat | Message:  Hello guys 7  | Latency: 0.0346s | Lamport: 10
[B] Received | Sender: [A] | Topic: chat | Message:  Hello guys 1  | Latency: 0.0312s | Lamport: 1
[C] Received | Sender: [A] | Topic: chat | Message:  Hello guys 1  | Latency: 0.0436s | Lamport: 1
[D] Received | Sender: [A] | Topic: chat | Message:  Hello guys 1  | Latency: 0.0570s | Lamport: 1
[E] Received | Sender: [A] | Topic: chat | Message:  Hello guys 1  | Latency: 0.0680s | Lamport: 1
[F] Received | Sender: [A] | Topic: chat | Message:  Hello guys 1  | Latency: 0.0846s | Lamport: 1
[A] Received | Sender: [A] | Topic: chat | Message:  Hello guys 1  | Latency: 0.0877s | Lamport: 2
[B] Received | Sender: [A] | Topic: chat | Message:  Hello guys 2  | Latency: 0.0100s | Lamport: 2
[C] Received | Sender: [A] | Topic: chat | Message:  Hello guys 2  | Latency: 0.0163s | Lamport: 2
[D] Received | Sender: [A] | Topic: chat | Message:  Hello guys 2  | Latency: 0.0258s | Lamport: 2
[E] Received | Sender: [A] | Topic: chat | Message:  Hello guys 2  | Latency: 0.0384s | Lamport: 2
[F] Received | Sender: [A] | Topic: chat | Message:  Hello guys 2  | Latency: 0.0480s | Lamport: 2
[A] Received | Sender: [A] | Topic: chat | Message:  Hello guys 2  | Latency: 0.0522s | Lamport: 4
[B] Received | Sender: [A] | Topic: chat | Message:  Hello guys 3  | Latency: 0.0053s | Lamport: 3
[C] Received | Sender: [A] | Topic: chat | Message:  Hello guys 3  | Latency: 0.0160s | Lamport: 3
[D] Received | Sender: [A] | Topic: chat | Message:  Hello guys 3  | Latency: 0.0348s | Lamport: 3
[E] Received | Sender: [A] | Topic: chat | Message:  Hello guys 3  | Latency: 0.0415s | Lamport: 3
[F] Received | Sender: [A] | Topic: chat | Message:  Hello guys 3  | Latency: 0.0455s | Lamport: 3
[A] Received | Sender: [A] | Topic: chat | Message:  Hello guys 3  | Latency: 0.0503s | Lamport: 6
[B] Received | Sender: [A] | Topic: chat | Message:  Hello guys 4  | Latency: 0.0080s | Lamport: 4
[C] Received | Sender: [A] | Topic: chat | Message:  Hello guys 4  | Latency: 0.0156s | Lamport: 4
[D] Received | Sender: [A] | Topic: chat | Message:  Hello guys 4  | Latency: 0.0262s | Lamport: 4
[E] Received | Sender: [A] | Topic: chat | Message:  Hello guys 4  | Latency: 0.0374s | Lamport: 4
[F] Received | Sender: [A] | Topic: chat | Message:  Hello guys 4  | Latency: 0.0428s | Lamport: 4
[A] Received | Sender: [A] | Topic: chat | Message:  Hello guys 4  | Latency: 0.0452s | Lamport: 8
[B] Received | Sender: [A] | Topic: chat | Message:  Hello guys 1  | Latency: 0.0348s | Lamport: 1
[C] Received | Sender: [A] | Topic: chat | Message:  Hello guys 1  | Latency: 0.0602s | Lamport: 1
[D] Received | Sender: [A] | Topic: chat | Message:  Hello guys 1  | Latency: 0.0724s | Lamport: 1
[E] Received | Sender: [A] | Topic: chat | Message:  Hello guys 1  | Latency: 0.0899s | Lamport: 1
[F] Received | Sender: [A] | Topic: chat | Message:  Hello guys 1  | Latency: 0.1070s | Lamport: 1
[A] Received | Sender: [A] | Topic: chat | Message:  Hello guys 1  | Latency: 0.1099s | Lamport: 2
